<?xml version="1.0" encoding="UTF-8"?>
<testsuite name="com.example.CurrencyConversionApplicationTests" time="0.234" tests="3" errors="0" skipped="0" failures="0">
  <properties>
[...]
</properties>
  <testcase name="cheaperRate" classname="com.example.CurrencyConversionApplicationTests" time="0.169"/>
  <testcase name="getList" classname="com.example.CurrencyConversionApplicationTests" time="0.06"/>
  <testcase name="expensiveRate" classname="com.example.CurrencyConversionApplicationTests" time="0.005"/>
</testsuite>